

GTFOBins
Star
[logo]
GTFOBins is a curated list of Unix binaries that can be used to bypass local
security restrictions in misconfigured systems.
The project collects legitimate functions of Unix binaries that can be abused
to get the f**k break out restricted shells, escalate or maintain elevated
privileges, transfer files, spawn bind and reverse shells, and facilitate the
other post-exploitation tasks.
It is important to note that this is not a list of exploits, and the programs
listed here are not vulnerable per se, rather, GTFOBins is a compendium about
how to live off the land when you only have certain binaries available.
GTFOBins is a collaborative project created by Emilio_Pinna and Andrea_Cardaci
where everyone can contribute with additional binaries and techniques.
If you are looking for Windows binaries you should visit LOLBAS.
    * Shell
    * Command
    * Reverse_shell
    * Non-interactive_reverse_shell
    * Bind_shell
    * Non-interactive_bind_shell
    * File_upload
    * File_download
    * File_write
    * File_read
    * Library_load
    * SUID
    * Sudo
    * Capabilities
    * Limited_SUID
[                    ]
Binary              Functions
7z                      * File_read
                        * Sudo
                        * Shell
aa-exec                 * SUID
                        * Sudo
                        * File_upload
ab                      * File_download
                        * SUID
                        * Sudo
agetty                  * SUID
                        * File_read
alpine                  * SUID
                        * Sudo
ansible-playbook        * Shell
                        * Sudo
ansible-test            * Shell
                        * Sudo
aoss                    * Shell
                        * Sudo
apache2ctl              * File_read
                        * Sudo
apt-get                 * Shell
                        * Sudo
apt                     * Shell
                        * Sudo
                        * File_read
ar                      * SUID
                        * Sudo
                        * Command
aria2c                  * File_download
                        * Sudo
                        * Limited_SUID
                        * File_write
arj                     * File_read
                        * SUID
                        * Sudo
                        * File_read
arp                     * SUID
                        * Sudo
                        * File_read
as                      * SUID
                        * Sudo
                        * File_read
ascii-xfr               * SUID
                        * Sudo
ascii85                 * File_read
                        * Sudo
                        * Shell
ash                     * File_write
                        * SUID
                        * Sudo
                        * File_read
aspell                  * SUID
                        * Sudo
                        * Shell
at                      * Command
                        * Sudo
                        * File_read
atobm                   * SUID
                        * Sudo
                        * Shell
                        * Non-interactive_reverse_shell
                        * Non-interactive_bind_shell
awk                     * File_write
                        * File_read
                        * SUID
                        * Sudo
                        * Limited_SUID
aws                     * Shell
                        * Sudo
                        * File_read
base32                  * SUID
                        * Sudo
base58                  * File_read
                        * Sudo
                        * File_read
base64                  * SUID
                        * Sudo
                        * File_read
basenc                  * SUID
                        * Sudo
                        * File_read
basez                   * SUID
                        * Sudo
                        * Shell
                        * Reverse_shell
                        * File_upload
                        * File_download
bash                    * File_write
                        * File_read
                        * Library_load
                        * SUID
                        * Sudo
                        * Shell
batcat                  * Sudo
                        * Limited_SUID
                        * File_read
bc                      * SUID
                        * Sudo
                        * Shell
bconsole                * File_read
                        * Sudo
bpftrace                * Sudo
                        * File_read
bridge                  * SUID
                        * Sudo
bundle                  * Shell
                        * Sudo
bundler                 * Shell
                        * Sudo
                        * Shell
busctl                  * SUID
                        * Sudo
                        * Shell
                        * Reverse_shell
                        * File_upload
busybox                 * File_write
                        * File_read
                        * SUID
                        * Sudo
                        * Shell
byebug                  * Sudo
                        * Limited_SUID
                        * File_read
bzip2                   * SUID
                        * Sudo
                        * Shell
c89                     * File_write
                        * File_read
                        * Sudo
                        * Shell
c99                     * File_write
                        * File_read
                        * Sudo
                        * Shell
cabal                   * SUID
                        * Sudo
cancel                  * File_upload
                        * Shell
capsh                   * SUID
                        * Sudo
                        * File_read
cat                     * SUID
                        * Sudo
cdist                   * Shell
                        * Sudo
certbot                 * Shell
                        * Sudo
check_by_ssh            * Shell
                        * Sudo
check_cups              * File_read
                        * Sudo
                        * File_write
check_log               * File_read
                        * Sudo
check_memory            * File_read
                        * Sudo
check_raid              * File_read
                        * Sudo
check_ssl_cert          * Command
                        * Sudo
check_statusfile        * File_read
                        * Sudo
chmod                   * SUID
                        * Sudo
                        * Shell
choom                   * SUID
                        * Sudo
chown                   * SUID
                        * Sudo
chroot                  * SUID
                        * Sudo
                        * File_read
clamscan                * SUID
                        * Sudo
                        * File_read
cmp                     * SUID
                        * Sudo
cobc                    * Shell
                        * Sudo
                        * File_read
column                  * SUID
                        * Sudo
                        * File_read
comm                    * SUID
                        * Sudo
                        * Shell
composer                * Sudo
                        * Limited_SUID
cowsay                  * Shell
                        * Sudo
cowthink                * Shell
                        * Sudo
                        * File_write
cp                      * File_read
                        * SUID
                        * Sudo
                        * Shell
                        * Reverse_shell
cpan                    * File_upload
                        * File_download
                        * Sudo
                        * Shell
                        * File_write
cpio                    * File_read
                        * SUID
                        * Sudo
                        * Shell
cpulimit                * SUID
                        * Sudo
                        * Shell
crash                   * Command
                        * Sudo
crontab                 * Command
                        * Sudo
                        * Shell
csh                     * File_write
                        * SUID
                        * Sudo
                        * File_write
csplit                  * File_read
                        * SUID
                        * Sudo
                        * Shell
                        * File_write
csvtool                 * File_read
                        * SUID
                        * Sudo
                        * File_read
cupsfilter              * SUID
                        * Sudo
                        * File_upload
                        * File_download
curl                    * File_write
                        * File_read
                        * SUID
                        * Sudo
                        * File_read
cut                     * SUID
                        * Sudo
                        * Shell
dash                    * File_write
                        * SUID
                        * Sudo
                        * File_read
date                    * SUID
                        * Sudo
                        * Shell
dc                      * Sudo
                        * Limited_SUID
                        * File_write
dd                      * File_read
                        * SUID
                        * Sudo
                        * Shell
debugfs                 * SUID
                        * Sudo
                        * File_read
dialog                  * SUID
                        * Sudo
                        * File_read
diff                    * SUID
                        * Sudo
                        * File_read
dig                     * SUID
                        * Sudo
                        * Shell
distcc                  * SUID
                        * Sudo
                        * Shell
dmesg                   * File_read
                        * Sudo
dmidecode               * Sudo
dmsetup                 * SUID
                        * Sudo
dnf                     * Sudo
                        * Shell
                        * File_write
docker                  * File_read
                        * SUID
                        * Sudo
dos2unix                * File_write
                        * File_write
dosbox                  * File_read
                        * SUID
                        * Sudo
                        * Shell
dotnet                  * File_read
                        * Sudo
dpkg                    * Shell
                        * Sudo
dstat                   * Shell
                        * Sudo
                        * Shell
dvips                   * Sudo
                        * Limited_SUID
                        * Shell
                        * Reverse_shell
                        * File_upload
easy_install            * File_download
                        * File_write
                        * File_read
                        * Library_load
                        * Sudo
eb                      * Shell
                        * Sudo
                        * Shell
                        * File_write
ed                      * File_read
                        * SUID
                        * Sudo
                        * Limited_SUID
efax                    * SUID
                        * Sudo
                        * Shell
                        * File_write
elvish                  * File_read
                        * SUID
                        * Sudo
                        * Shell
                        * File_write
emacs                   * File_read
                        * SUID
                        * Sudo
enscript                * Shell
                        * Sudo
                        * Shell
env                     * SUID
                        * Sudo
                        * File_read
eqn                     * SUID
                        * Sudo
                        * File_read
espeak                  * SUID
                        * Sudo
                        * Shell
ex                      * File_write
                        * File_read
                        * Sudo
                        * File_write
exiftool                * File_read
                        * Sudo
                        * File_read
expand                  * SUID
                        * Sudo
                        * Shell
expect                  * File_read
                        * SUID
                        * Sudo
facter                  * Shell
                        * Sudo
                        * File_read
file                    * SUID
                        * Sudo
                        * Shell
find                    * File_write
                        * SUID
                        * Sudo
finger                  * File_upload
                        * File_download
                        * Shell
fish                    * SUID
                        * Sudo
                        * Shell
flock                   * SUID
                        * Sudo
                        * File_read
fmt                     * SUID
                        * Sudo
                        * File_read
fold                    * SUID
                        * Sudo
fping                   * File_read
                        * Sudo
                        * Shell
ftp                     * File_upload
                        * File_download
                        * Sudo
                        * Shell
                        * Non-interactive_reverse_shell
                        * Non-interactive_bind_shell
gawk                    * File_write
                        * File_read
                        * SUID
                        * Sudo
                        * Limited_SUID
                        * Shell
gcc                     * File_write
                        * File_read
                        * Sudo
gcloud                  * Shell
                        * Sudo
                        * File_read
gcore                   * SUID
                        * Sudo
                        * Shell
                        * Reverse_shell
                        * File_upload
                        * File_download
gdb                     * File_write
                        * File_read
                        * Library_load
                        * SUID
                        * Sudo
                        * Capabilities
gem                     * Shell
                        * Sudo
                        * Shell
genie                   * SUID
                        * Sudo
                        * File_read
genisoimage             * SUID
                        * Sudo
ghc                     * Shell
                        * Sudo
ghci                    * Shell
                        * Sudo
                        * Shell
                        * Reverse_shell
                        * File_upload
                        * File_download
gimp                    * File_write
                        * File_read
                        * Library_load
                        * SUID
                        * Sudo
                        * Shell
ginsh                   * Sudo
                        * Limited_SUID
                        * Shell
                        * File_write
git                     * File_read
                        * Sudo
                        * Limited_SUID
grc                     * Shell
                        * Sudo
                        * File_read
grep                    * SUID
                        * Sudo
                        * Shell
gtester                 * File_write
                        * SUID
                        * Sudo
                        * File_read
gzip                    * SUID
                        * Sudo
                        * File_read
hd                      * SUID
                        * Sudo
                        * File_read
head                    * SUID
                        * Sudo
                        * File_read
hexdump                 * SUID
                        * Sudo
                        * File_read
highlight               * SUID
                        * Sudo
                        * Shell
hping3                  * SUID
                        * Sudo
                        * File_write
iconv                   * File_read
                        * SUID
                        * Sudo
                        * Shell
iftop                   * Sudo
                        * Limited_SUID
install                 * SUID
                        * Sudo
                        * Shell
ionice                  * SUID
                        * Sudo
                        * File_read
ip                      * SUID
                        * Sudo
                        * Shell
                        * Reverse_shell
                        * File_upload
irb                     * File_download
                        * File_write
                        * File_read
                        * Library_load
                        * Sudo
                        * Shell
ispell                  * SUID
                        * Sudo
                        * Shell
                        * Reverse_shell
                        * File_download
jjs                     * File_write
                        * File_read
                        * SUID
                        * Sudo
                        * Shell
joe                     * Sudo
                        * Limited_SUID
                        * File_read
join                    * SUID
                        * Sudo
journalctl              * Shell
                        * Sudo
                        * File_read
jq                      * SUID
                        * Sudo
                        * Shell
                        * Reverse_shell
                        * File_download
jrunscript              * File_write
                        * File_read
                        * SUID
                        * Sudo
jtag                    * Shell
                        * Sudo
                        * Shell
                        * Reverse_shell
                        * File_download
julia                   * File_write
                        * File_read
                        * SUID
                        * Sudo
knife                   * Shell
                        * Sudo
                        * Shell
                        * Reverse_shell
                        * File_upload
ksh                     * File_download
                        * File_write
                        * File_read
                        * SUID
                        * Sudo
                        * File_read
ksshell                 * SUID
                        * Sudo
ksu                     * Sudo
                        * File_upload
kubectl                 * SUID
                        * Sudo
                        * Shell
latex                   * File_read
                        * Sudo
                        * Limited_SUID
                        * Shell
latexmk                 * File_read
                        * Sudo
                        * Shell
ld.so                   * SUID
                        * Sudo
ldconfig                * Sudo
                        * Limited_SUID
                        * Shell
                        * File_write
less                    * File_read
                        * SUID
                        * Sudo
                        * Shell
lftp                    * Sudo
                        * Limited_SUID
ln                      * Sudo
loginctl                * Shell
                        * Sudo
                        * Shell
logsave                 * SUID
                        * Sudo
                        * File_read
look                    * SUID
                        * Sudo
lp                      * File_upload
                        * Shell
ltrace                  * File_write
                        * File_read
                        * Sudo
                        * Shell
                        * Non-interactive_reverse_shell
                        * Non-interactive_bind_shell
                        * File_upload
lua                     * File_download
                        * File_write
                        * File_read
                        * SUID
                        * Sudo
                        * Limited_SUID
                        * Shell
lualatex                * Sudo
                        * Limited_SUID
                        * Shell
luatex                  * Sudo
                        * Limited_SUID
                        * File_download
lwp-download            * File_write
                        * File_read
                        * Sudo
lwp-request             * File_read
                        * Sudo
mail                    * Shell
                        * Sudo
                        * Shell
make                    * File_write
                        * SUID
                        * Sudo
                        * Shell
man                     * File_read
                        * Sudo
                        * Shell
                        * File_write
mawk                    * File_read
                        * SUID
                        * Sudo
                        * Limited_SUID
                        * Shell
minicom                 * SUID
                        * Sudo
                        * Shell
more                    * File_read
                        * SUID
                        * Sudo
                        * File_read
mosquitto               * SUID
                        * Sudo
mount                   * Sudo
msfconsole              * Shell
                        * Sudo
                        * File_read
msgattrib               * SUID
                        * Sudo
                        * File_read
msgcat                  * SUID
                        * Sudo
                        * File_read
msgconv                 * SUID
                        * Sudo
                        * Shell
msgfilter               * File_read
                        * SUID
                        * Sudo
                        * File_read
msgmerge                * SUID
                        * Sudo
                        * File_read
msguniq                 * SUID
                        * Sudo
mtr                     * File_read
                        * Sudo
                        * Shell
multitime               * SUID
                        * Sudo
mv                      * SUID
                        * Sudo
                        * Shell
mysql                   * Library_load
                        * Sudo
                        * Limited_SUID
                        * Shell
                        * File_write
nano                    * File_read
                        * Sudo
                        * Limited_SUID
                        * File_read
nasm                    * SUID
                        * Sudo
                        * Shell
                        * Non-interactive_reverse_shell
                        * Non-interactive_bind_shell
nawk                    * File_write
                        * File_read
                        * SUID
                        * Sudo
                        * Limited_SUID
                        * Reverse_shell
                        * Bind_shell
nc                      * File_upload
                        * File_download
                        * Sudo
                        * Limited_SUID
                        * Shell
ncdu                    * Sudo
                        * Limited_SUID
                        * Shell
ncftp                   * SUID
                        * Sudo
                        * Shell
neofetch                * File_read
                        * Sudo
                        * File_read
nft                     * SUID
                        * Sudo
                        * Shell
nice                    * SUID
                        * Sudo
                        * File_read
nl                      * SUID
                        * Sudo
                        * File_read
nm                      * SUID
                        * Sudo
                        * Shell
                        * Non-interactive_reverse_shell
                        * Non-interactive_bind_shell
                        * File_upload
nmap                    * File_download
                        * File_write
                        * File_read
                        * SUID
                        * Sudo
                        * Limited_SUID
                        * Shell
                        * Reverse_shell
                        * Bind_shell
                        * File_upload
node                    * File_download
                        * File_write
                        * File_read
                        * SUID
                        * Sudo
                        * Capabilities
                        * Shell
nohup                   * Command
                        * SUID
                        * Sudo
npm                     * Shell
                        * Sudo
                        * Shell
nroff                   * File_read
                        * Sudo
nsenter                 * Shell
                        * Sudo
                        * File_read
ntpdate                 * SUID
                        * Sudo
                        * Shell
                        * File_write
octave                  * File_read
                        * Sudo
                        * Limited_SUID
                        * File_read
od                      * SUID
                        * Sudo
                        * Reverse_shell
                        * File_upload
                        * File_download
openssl                 * File_write
                        * File_read
                        * Library_load
                        * SUID
                        * Sudo
                        * Shell
openvpn                 * File_read
                        * SUID
                        * Sudo
openvt                  * Sudo
opkg                    * Sudo
                        * Shell
                        * File_write
pandoc                  * File_read
                        * SUID
                        * Sudo
                        * Limited_SUID
                        * File_read
paste                   * SUID
                        * Sudo
pax                     * File_read
pdb                     * Shell
                        * Sudo
                        * Shell
pdflatex                * File_read
                        * Sudo
                        * Limited_SUID
                        * Shell
pdftex                  * Sudo
                        * Limited_SUID
                        * Shell
perf                    * SUID
                        * Sudo
                        * Shell
                        * Reverse_shell
perl                    * File_read
                        * SUID
                        * Sudo
                        * Capabilities
perlbug                 * Shell
                        * Sudo
                        * Shell
pexec                   * SUID
                        * Sudo
                        * Shell
pg                      * File_read
                        * SUID
                        * Sudo
                        * Shell
                        * Command
                        * Reverse_shell
                        * File_upload
php                     * File_download
                        * File_write
                        * File_read
                        * SUID
                        * Sudo
                        * Capabilities
                        * Shell
pic                     * File_read
                        * Sudo
                        * Limited_SUID
                        * Shell
                        * File_write
pico                    * File_read
                        * Sudo
                        * Limited_SUID
                        * Command
pidstat                 * SUID
                        * Sudo
                        * Shell
                        * Reverse_shell
                        * File_upload
pip                     * File_download
                        * File_write
                        * File_read
                        * Library_load
                        * Sudo
pkexec                  * Sudo
pkg                     * Sudo
                        * Shell
posh                    * Sudo
                        * Limited_SUID
                        * File_read
pr                      * SUID
                        * Sudo
                        * Shell
pry                     * Sudo
                        * Limited_SUID
                        * Shell
psftp                   * Sudo
                        * Limited_SUID
psql                    * Shell
                        * Sudo
                        * File_read
ptx                     * SUID
                        * Sudo
                        * Shell
puppet                  * File_write
                        * File_read
                        * Sudo
                        * Shell
pwsh                    * File_write
                        * Sudo
                        * Shell
                        * Reverse_shell
                        * File_upload
                        * File_download
python                  * File_write
                        * File_read
                        * Library_load
                        * SUID
                        * Sudo
                        * Capabilities
                        * Shell
rake                    * File_read
                        * Sudo
                        * Limited_SUID
                        * Shell
rc                      * SUID
                        * Sudo
                        * File_read
readelf                 * SUID
                        * Sudo
                        * File_write
red                     * File_read
                        * Sudo
redcarpet               * File_read
                        * Sudo
redis                   * File_write
                        * File_upload
restic                  * SUID
                        * Sudo
                        * File_read
rev                     * SUID
                        * Sudo
rlogin                  * File_upload
                        * Shell
rlwrap                  * File_write
                        * SUID
                        * Sudo
                        * Shell
rpm                     * Sudo
                        * Limited_SUID
                        * Shell
rpmdb                   * Sudo
                        * Limited_SUID
                        * Shell
rpmquery                * Sudo
                        * Limited_SUID
                        * Shell
rpmverify               * Sudo
                        * Limited_SUID
                        * Shell
rsync                   * SUID
                        * Sudo
rtorrent                * Shell
                        * SUID
                        * Shell
                        * Reverse_shell
                        * File_upload
                        * File_download
ruby                    * File_write
                        * File_read
                        * Library_load
                        * Sudo
                        * Capabilities
                        * Shell
run-mailcap             * File_write
                        * File_read
                        * Sudo
                        * Shell
run-parts               * SUID
                        * Sudo
                        * Shell
runscript               * Sudo
                        * Limited_SUID
                        * Shell
                        * Reverse_shell
                        * Non-interactive_reverse_shell
                        * Non-interactive_bind_shell
                        * File_upload
                        * File_download
rview                   * File_write
                        * File_read
                        * Library_load
                        * SUID
                        * Sudo
                        * Capabilities
                        * Limited_SUID
                        * Shell
                        * Reverse_shell
                        * Non-interactive_reverse_shell
                        * Non-interactive_bind_shell
                        * File_upload
                        * File_download
rvim                    * File_write
                        * File_read
                        * Library_load
                        * SUID
                        * Sudo
                        * Capabilities
                        * Limited_SUID
                        * Shell
sash                    * SUID
                        * Sudo
                        * Shell
scanmem                 * SUID
                        * Sudo
                        * Shell
                        * File_upload
scp                     * File_download
                        * Sudo
                        * Limited_SUID
                        * Shell
screen                  * File_write
                        * Sudo
                        * Shell
script                  * File_write
                        * Sudo
                        * Shell
scrot                   * Sudo
                        * Limited_SUID
                        * Shell
                        * Command
sed                     * File_write
                        * File_read
                        * SUID
                        * Sudo
service                 * Shell
                        * Sudo
                        * Shell
setarch                 * SUID
                        * Sudo
setfacl                 * SUID
                        * Sudo
                        * Shell
setlock                 * SUID
                        * Sudo
                        * Shell
sftp                    * File_upload
                        * File_download
                        * Sudo
sg                      * Shell
                        * Sudo
                        * File_write
shuf                    * File_read
                        * SUID
                        * Sudo
                        * Shell
slsh                    * Sudo
                        * Limited_SUID
                        * Shell
smbclient               * File_upload
                        * File_download
                        * Sudo
snap                    * Sudo
                        * Shell
                        * Reverse_shell
                        * Bind_shell
                        * File_upload
socat                   * File_download
                        * File_write
                        * File_read
                        * Sudo
                        * Limited_SUID
socket                  * Reverse_shell
                        * Bind_shell
                        * File_read
soelim                  * SUID
                        * Sudo
                        * Shell
softlimit               * SUID
                        * Sudo
                        * File_read
sort                    * SUID
                        * Sudo
                        * Shell
                        * Command
split                   * File_write
                        * File_read
                        * Sudo
                        * Shell
                        * File_write
sqlite3                 * File_read
                        * SUID
                        * Sudo
                        * Limited_SUID
sqlmap                  * Shell
                        * Sudo
                        * File_read
ss                      * SUID
                        * Sudo
                        * Shell
ssh-agent               * SUID
                        * Sudo
                        * Library_load
ssh-keygen              * SUID
                        * Sudo
                        * File_read
ssh-keyscan             * SUID
                        * Sudo
                        * Shell
                        * File_upload
ssh                     * File_download
                        * File_read
                        * Sudo
                        * Shell
sshpass                 * SUID
                        * Sudo
                        * Shell
start-stop-daemon       * SUID
                        * Sudo
                        * Shell
stdbuf                  * SUID
                        * Sudo
                        * Shell
strace                  * File_write
                        * SUID
                        * Sudo
                        * File_read
strings                 * SUID
                        * Sudo
su                      * Sudo
sudo                    * Sudo
                        * Command
sysctl                  * File_read
                        * SUID
                        * Sudo
systemctl               * SUID
                        * Sudo
systemd-resolve         * Sudo
                        * File_read
tac                     * SUID
                        * Sudo
                        * File_read
tail                    * SUID
                        * Sudo
                        * Shell
                        * File_upload
                        * File_download
tar                     * File_write
                        * File_read
                        * Sudo
                        * Limited_SUID
task                    * Shell
                        * Sudo
                        * Shell
taskset                 * SUID
                        * Sudo
                        * Shell
tasksh                  * Sudo
                        * Limited_SUID
                        * File_read
tbl                     * SUID
                        * Sudo
                        * Shell
tclsh                   * Non-interactive_reverse_shell
                        * SUID
                        * Sudo
tcpdump                 * Command
                        * Sudo
                        * Shell
tdbtool                 * Sudo
                        * Limited_SUID
                        * File_write
tee                     * SUID
                        * Sudo
                        * Shell
telnet                  * Reverse_shell
                        * Sudo
                        * Limited_SUID
                        * File_read
terraform               * SUID
                        * Sudo
                        * Shell
tex                     * Sudo
                        * Limited_SUID
                        * File_upload
tftp                    * File_download
                        * SUID
                        * Sudo
                        * File_read
tic                     * SUID
                        * Sudo
                        * Shell
time                    * SUID
                        * Sudo
timedatectl             * Shell
                        * Sudo
                        * Shell
timeout                 * SUID
                        * Sudo
                        * Shell
tmate                   * Sudo
                        * Limited_SUID
                        * Shell
tmux                    * File_read
                        * Sudo
top                     * Shell
                        * Sudo
torify                  * Shell
                        * Sudo
torsocks                * Shell
                        * Sudo
                        * File_read
troff                   * SUID
                        * Sudo
tshark                  * Shell
                        * File_read
ul                      * SUID
                        * Sudo
                        * File_read
unexpand                * SUID
                        * Sudo
                        * File_read
uniq                    * SUID
                        * Sudo
                        * Shell
unshare                 * SUID
                        * Sudo
unsquashfs              * SUID
                        * Sudo
unzip                   * SUID
                        * Sudo
update-alternatives     * SUID
                        * Sudo
                        * File_read
uudecode                * SUID
                        * Sudo
                        * File_read
uuencode                * SUID
                        * Sudo
                        * Shell
vagrant                 * SUID
                        * Sudo
valgrind                * Shell
                        * Sudo
varnishncsa             * SUID
                        * Sudo
                        * Shell
vi                      * File_write
                        * File_read
                        * Sudo
                        * Shell
                        * Reverse_shell
                        * Non-interactive_reverse_shell
                        * Non-interactive_bind_shell
                        * File_upload
                        * File_download
view                    * File_write
                        * File_read
                        * Library_load
                        * SUID
                        * Sudo
                        * Capabilities
                        * Limited_SUID
vigr                    * SUID
                        * Sudo
                        * Shell
                        * Reverse_shell
                        * Non-interactive_reverse_shell
                        * Non-interactive_bind_shell
                        * File_upload
                        * File_download
vim                     * File_write
                        * File_read
                        * Library_load
                        * SUID
                        * Sudo
                        * Capabilities
                        * Limited_SUID
                        * Shell
                        * Reverse_shell
                        * Non-interactive_reverse_shell
                        * Non-interactive_bind_shell
                        * File_upload
                        * File_download
vimdiff                 * File_write
                        * File_read
                        * Library_load
                        * SUID
                        * Sudo
                        * Capabilities
                        * Limited_SUID
vipw                    * SUID
                        * Sudo
                        * File_write
virsh                   * File_read
                        * Sudo
volatility              * Shell
                        * File_read
w3m                     * SUID
                        * Sudo
wall                    * Sudo
                        * Shell
watch                   * SUID
                        * Sudo
                        * Limited_SUID
                        * File_read
wc                      * SUID
                        * Sudo
                        * Shell
                        * File_upload
                        * File_download
wget                    * File_write
                        * File_read
                        * SUID
                        * Sudo
                        * File_read
whiptail                * SUID
                        * Sudo
whois                   * File_upload
                        * File_download
wireshark               * Command
                        * Sudo
                        * Shell
wish                    * Non-interactive_reverse_shell
                        * Sudo
                        * Shell
xargs                   * File_read
                        * SUID
                        * Sudo
xdg-user-dir            * Shell
                        * Sudo
                        * Shell
xdotool                 * SUID
                        * Sudo
                        * Shell
xelatex                 * File_read
                        * Sudo
                        * Limited_SUID
                        * Shell
xetex                   * Sudo
                        * Limited_SUID
                        * File_read
xmodmap                 * SUID
                        * Sudo
                        * File_read
xmore                   * SUID
                        * Sudo
xpad                    * File_read
                        * Sudo
                        * File_write
xxd                     * File_read
                        * SUID
                        * Sudo
                        * File_read
xz                      * SUID
                        * Sudo
yarn                    * Shell
                        * Sudo
                        * Shell
yash                    * SUID
                        * Sudo
yelp                    * File_read
yum                     * File_download
                        * Sudo
zathura                 * Shell
                        * Sudo
                        * Shell
zip                     * File_read
                        * Sudo
                        * Limited_SUID
                        * Shell
                        * File_write
zsh                     * File_read
                        * SUID
                        * Sudo
                        * File_read
zsoelim                 * SUID
                        * Sudo
zypper                  * Shell
                        * Sudo
No binary matches...
